<?xml version="1.0" encoding="UTF-8"?>
<!-- Generated by org.testng.reporters.JUnitReportReporter -->
<testsuite hostname="CSCO-W-PF2S5915" failures="0" tests="1" name="oAuth.oAuthRequest" time="2.831" errors="0" timestamp="03 Dec 2021 04:32:51 GMT" skipped="0">
  <testcase classname="oAuth.oAuthRequest" name="PostCall" time="2.831"/>
</testsuite> <!-- oAuth.oAuthRequest -->
