<?xml version="1.0" encoding="UTF-8"?>
<!-- Generated by org.testng.reporters.JUnitReportReporter -->
<testsuite hostname="CSCO-W-PF2S5915" failures="0" tests="1" name="restAPIBDD.DeleteRequest" time="1.364" errors="0" timestamp="03 Dec 2021 04:14:59 GMT" skipped="0">
  <testcase classname="restAPIBDD.DeleteRequest" name="DeleteCall" time="1.364"/>
</testsuite> <!-- restAPIBDD.DeleteRequest -->
