<?xml version="1.0" encoding="UTF-8"?>
<!-- Generated by org.testng.reporters.JUnitReportReporter -->
<testsuite hostname="CSCO-W-PF2S5915" failures="0" tests="1" name="restAPIBDD.PostRequest" time="0.045" errors="0" timestamp="03 Dec 2021 04:00:28 GMT" skipped="0">
  <testcase classname="restAPIBDD.PostRequest" name="PostCall" time="0.045"/>
</testsuite> <!-- restAPIBDD.PostRequest -->
